INFO:root:start running flask app
INFO:werkzeug: * Running on http://localhost:5001/ (Press CTRL+C to quit)
INFO:werkzeug: * Restarting with stat
INFO:root:start running flask app
WARNING:werkzeug: * Debugger is active!
INFO:werkzeug: * Debugger pin code: 256-552-943
INFO:root:iterate request
INFO:root:No annotations found. Skip model training.
INFO:root:transmitted corpus contains 2 documents; created 13 annotation documents
INFO:werkzeug:127.0.0.1 - - [23/Nov/2016 14:18:06] "POST /iterate HTTP/1.1" 200 -
INFO:werkzeug: * Detected change in '/Users/rg/GitRepos/Implisense/service-ner_iterate/iterate_service.py', reloading
INFO:werkzeug: * Restarting with stat
INFO:root:start running flask app
WARNING:werkzeug: * Debugger is active!
INFO:werkzeug: * Debugger pin code: 256-552-943
INFO:root:start running flask app
INFO:werkzeug: * Running on http://localhost:5001/ (Press CTRL+C to quit)
INFO:werkzeug: * Restarting with stat
INFO:root:start running flask app
WARNING:werkzeug: * Debugger is active!
INFO:werkzeug: * Debugger pin code: 256-552-943
INFO:root:iterate request
INFO:root:No annotations found. Skip model training.
INFO:root:transmitted corpus contains 2 documents; created 13 annotation documents
INFO:werkzeug:127.0.0.1 - - [23/Nov/2016 14:25:45] "POST /iterate HTTP/1.1" 200 -
INFO:werkzeug: * Detected change in '/Users/rg/GitRepos/Implisense/service-ner_iterate/iteration_processing.py', reloading
INFO:werkzeug: * Restarting with stat
INFO:root:start running flask app
WARNING:werkzeug: * Debugger is active!
INFO:werkzeug: * Debugger pin code: 256-552-943
INFO:werkzeug: * Detected change in '/Users/rg/GitRepos/Implisense/service-ner_iterate/iteration_processing.py', reloading
INFO:werkzeug: * Restarting with stat
INFO:root:start running flask app
WARNING:werkzeug: * Debugger is active!
INFO:werkzeug: * Debugger pin code: 256-552-943
INFO:root:merge request
INFO:root:received 6 documents as parts of raw datum #310
INFO:werkzeug:127.0.0.1 - - [23/Nov/2016 14:29:06] "POST /merge HTTP/1.1" 200 -
INFO:root:merge request
INFO:root:received 7 documents as parts of raw datum #311
INFO:werkzeug:127.0.0.1 - - [23/Nov/2016 14:29:06] "POST /merge HTTP/1.1" 200 -
INFO:root:iterate request
INFO:root:transmitted corpus contains 2 documents; created 13 annotation documents
INFO:werkzeug:127.0.0.1 - - [23/Nov/2016 14:29:18] "POST /iterate HTTP/1.1" 200 -
INFO:werkzeug:127.0.0.1 - - [23/Nov/2016 14:31:11] "GET /merge HTTP/1.1" 200 -
INFO:werkzeug:127.0.0.1 - - [23/Nov/2016 14:31:11] "GET /iterate HTTP/1.1" 200 -
INFO:root:iterate request
INFO:root:transmitted corpus contains 3 documents; created 18 annotation documents
INFO:werkzeug:127.0.0.1 - - [23/Nov/2016 14:31:58] "POST /iterate HTTP/1.1" 200 -
INFO:root:merge request
INFO:root:received 6 documents as parts of raw datum #310
INFO:werkzeug:127.0.0.1 - - [23/Nov/2016 14:33:59] "POST /merge HTTP/1.1" 200 -
INFO:root:merge request
INFO:root:received 7 documents as parts of raw datum #311
INFO:werkzeug:127.0.0.1 - - [23/Nov/2016 14:33:59] "POST /merge HTTP/1.1" 200 -
INFO:root:merge request
INFO:root:received 5 documents as parts of raw datum #312
INFO:werkzeug:127.0.0.1 - - [23/Nov/2016 14:33:59] "POST /merge HTTP/1.1" 200 -
